SF:crud.py
DA:4,1
DA:5,1
DA:7,1
DA:14,1
DA:16,1
DA:19,0
DA:22,1
DA:24,1
DA:27,0
DA:30,1
DA:32,0
DA:35,0
DA:38,1
DA:40,1
DA:46,1
DA:47,1
DA:48,0
DA:49,0
DA:52,1
DA:54,0
DA:57,0
DA:64,1
DA:66,1
DA:69,0
DA:72,1
DA:74,1
DA:77,0
DA:80,1
DA:82,0
DA:88,0
DA:91,1
DA:93,1
DA:99,1
DA:100,1
DA:101,0
DA:102,0
DA:105,1
DA:107,0
DA:108,0
DA:109,0
DA:111,0
DA:112,0
DA:113,0
DA:114,0
DA:115,0
DA:116,0
DA:118,0
DA:119,0
DA:120,0
DA:123,1
DA:125,0
DA:126,0
DA:127,0
DA:129,0
DA:130,0
DA:131,0
LF:56
LH:24
FN:14,19,get_user_by_username
FNDA:1,get_user_by_username
FN:22,27,get_user_by_email
FNDA:1,get_user_by_email
FN:30,35,get_user_by_id
FNDA:0,get_user_by_id
FN:38,49,create_user
FNDA:1,create_user
FN:52,57,get_users
FNDA:0,get_users
FN:64,69,get_items
FNDA:1,get_items
FN:72,77,get_item_by_id
FNDA:1,get_item_by_id
FN:80,88,get_items_by_owner
FNDA:0,get_items_by_owner
FN:91,102,create_item
FNDA:1,create_item
FN:105,120,update_item
FNDA:0,update_item
FN:123,131,delete_item
FNDA:0,delete_item
FNF:11
FNH:6
end_of_record
SF:database.py
DA:4,1
DA:5,1
DA:6,1
DA:10,1
DA:11,1
DA:12,1
DA:15,1
DA:22,1
DA:30,1
DA:31,1
DA:35,1
DA:40,0
DA:41,0
DA:42,0
DA:44,0
LF:15
LH:11
FN:35,44,get_db
FNDA:0,get_db
FNF:1
FNH:0
end_of_record
SF:init_db.py
DA:8,0
DA:9,0
DA:11,0
DA:12,0
DA:13,0
DA:15,0
DA:18,0
DA:20,0
DA:21,0
DA:22,0
DA:25,0
DA:26,0
DA:27,0
DA:28,0
DA:29,0
DA:32,0
DA:33,0
DA:36,0
DA:37,0
DA:38,0
DA:39,0
DA:45,0
DA:47,0
DA:49,0
DA:50,0
DA:51,0
DA:52,0
DA:53,0
DA:54,0
DA:55,0
DA:56,0
DA:57,0
DA:60,0
DA:61,0
LF:34
LH:0
FN:18,57,init_database
FNDA:0,init_database
FNF:1
FNH:0
end_of_record
SF:main.py
DA:11,1
DA:12,1
DA:13,1
DA:15,1
DA:16,1
DA:17,1
DA:18,1
DA:19,1
DA:20,1
DA:21,1
DA:22,1
DA:25,1
DA:26,1
DA:27,1
DA:32,1
DA:33,1
DA:34,1
DA:37,1
DA:41,1
DA:46,1
DA:47,1
DA:52,1
DA:54,1
DA:55,1
DA:58,1
DA:60,1
DA:63,1
DA:65,1
DA:66,1
DA:68,1
DA:69,1
DA:72,1
DA:74,1
DA:75,1
DA:78,1
DA:80,1
DA:83,1
DA:85,1
DA:86,1
DA:87,1
DA:90,1
DA:92,1
DA:95,1
DA:97,1
DA:98,1
DA:99,1
DA:101,1
DA:102,1
DA:105,1
DA:107,1
DA:108,1
DA:109,1
DA:122,1
DA:124,1
DA:127,1
DA:129,1
DA:132,1
DA:134,1
DA:135,0
DA:136,0
DA:137,0
DA:138,0
DA:139,0
DA:142,1
DA:144,1
DA:145,1
DA:146,1
DA:148,0
DA:149,1
DA:150,1
DA:151,1
DA:154,1
DA:159,1
DA:164,1
DA:165,1
DA:166,1
DA:167,1
DA:168,0
DA:169,1
DA:170,1
DA:171,1
DA:173,1
DA:174,0
DA:175,0
DA:176,0
DA:179,1
DA:183,1
DA:184,0
DA:185,1
DA:191,1
DA:192,1
DA:195,0
DA:196,0
DA:197,0
DA:198,0
DA:199,0
DA:200,0
DA:201,0
DA:202,0
DA:203,0
DA:204,0
DA:205,0
DA:206,0
DA:207,0
DA:208,0
DA:209,0
DA:210,0
DA:211,0
DA:213,0
DA:221,1
DA:233,1
DA:245,1
DA:246,1
DA:248,0
DA:256,1
DA:257,1
DA:259,0
DA:266,1
DA:267,1
DA:278,1
DA:279,0
DA:280,0
DA:287,0
DA:288,0
DA:294,0
DA:295,0
DA:298,0
DA:301,1
DA:302,1
DA:306,1
DA:309,1
DA:311,1
DA:312,1
DA:313,1
DA:316,1
DA:317,1
DA:323,1
DA:324,0
DA:325,0
DA:331,0
DA:332,0
DA:333,0
DA:339,0
DA:340,0
DA:348,0
DA:349,0
DA:353,0
DA:360,1
DA:361,1
DA:368,1
DA:369,0
DA:372,1
DA:373,1
DA:379,1
DA:386,0
DA:389,1
DA:390,1
DA:396,1
DA:397,0
DA:398,0
DA:402,0
DA:405,1
DA:406,0
DA:408,0
LF:164
LH:109
FN:122,124,verify_password
FNDA:1,verify_password
FN:127,129,get_password_hash
FNDA:1,get_password_hash
FN:132,139,authenticate_user
FNDA:1,authenticate_user
FN:142,151,create_access_token
FNDA:1,create_access_token
FN:154,176,get_current_user
FNDA:1,get_current_user
FN:179,185,get_current_active_user
FNDA:1,get_current_active_user
FN:192,213,lifespan
FNDA:0,lifespan
FN:246,253,root
FNDA:0,root
FN:257,263,health_check
FNDA:0,health_check
FN:267,298,login
FNDA:1,login
FN:302,306,read_users_me
FNDA:1,read_users_me
FN:317,357,create_user
FNDA:1,create_user
FN:361,369,read_items
FNDA:1,read_items
FN:373,386,create_item
FNDA:1,create_item
FN:390,402,read_item
FNDA:1,read_item
FNF:15
FNH:12
end_of_record
SF:models.py
DA:4,1
DA:5,1
DA:6,1
DA:8,1
DA:11,1
DA:13,1
DA:15,1
DA:16,1
DA:17,1
DA:18,1
DA:19,1
DA:20,1
DA:21,1
DA:24,1
DA:26,1
DA:27,0
DA:30,1
DA:32,1
DA:34,1
DA:35,1
DA:36,1
DA:37,1
DA:38,1
DA:39,1
DA:40,1
DA:43,1
DA:45,1
DA:46,0
LF:28
LH:26
FN:26,27,User.__repr__
FNDA:0,User.__repr__
FN:45,46,Item.__repr__
FNDA:0,Item.__repr__
FNF:2
FNH:0
end_of_record
SF:tests/conftest.py
DA:4,1
DA:5,1
DA:6,1
DA:7,1
DA:8,1
DA:9,1
DA:11,1
DA:12,1
DA:15,1
DA:18,1
DA:21,1
DA:28,1
DA:29,1
DA:31,1
DA:32,1
DA:33,1
DA:36,1
DA:37,1
DA:39,1
DA:40,1
DA:42,1
DA:43,1
DA:45,1
DA:46,1
DA:49,1
DA:50,1
DA:53,1
DA:54,1
DA:56,1
DA:58,1
DA:59,1
DA:61,1
DA:64,1
DA:65,1
DA:67,1
DA:68,1
DA:69,1
DA:76,1
DA:77,1
DA:82,1
DA:83,1
DA:84,1
DA:88,1
DA:89,1
DA:92,1
DA:94,1
LF:46
LH:46
FN:29,33,event_loop
FNDA:1,event_loop
FN:37,46,db_session
FNDA:1,db_session
FN:50,61,client
FNDA:1,client
FN:53,54,client.override_get_db
FNDA:1,client.override_get_db
FN:65,73,test_user_data
FNDA:1,test_user_data
FN:77,97,authenticated_client
FNDA:1,authenticated_client
FNF:6
FNH:6
end_of_record
SF:tests/test_auth.py
DA:4,1
DA:5,1
DA:6,1
DA:7,1
DA:8,1
DA:10,1
DA:11,1
DA:13,1
DA:16,1
DA:17,1
DA:20,1
DA:22,1
DA:24,1
DA:25,1
DA:28,1
DA:29,1
DA:30,1
DA:33,1
DA:34,1
DA:35,1
DA:36,1
DA:37,1
DA:38,1
DA:40,1
DA:45,1
DA:48,1
DA:50,1
DA:51,1
DA:53,1
DA:55,1
DA:60,1
DA:62,1
DA:64,1
DA:66,1
DA:71,1
DA:73,1
DA:75,1
DA:77,1
DA:80,1
DA:81,1
DA:83,1
DA:86,1
DA:88,1
DA:89,1
DA:92,1
DA:93,1
DA:96,1
DA:99,1
DA:102,1
DA:106,1
DA:112,1
DA:113,1
DA:114,1
DA:115,1
DA:118,1
DA:119,1
DA:121,1
DA:124,1
DA:127,1
DA:128,1
DA:134,1
DA:135,1
DA:137,1
DA:139,1
DA:140,1
DA:146,1
DA:147,1
DA:149,1
DA:152,1
DA:154,1
DA:155,1
DA:157,1
DA:162,1
DA:165,1
DA:169,1
DA:175,1
DA:176,1
DA:179,1
DA:180,1
DA:183,1
DA:185,1
DA:187,1
DA:189,1
DA:190,1
DA:191,1
DA:192,1
DA:193,1
DA:195,1
DA:197,1
DA:199,1
DA:200,1
DA:202,1
DA:204,1
DA:205,1
DA:207,1
DA:209,1
DA:211,1
DA:214,1
DA:215,1
DA:221,1
DA:222,1
DA:224,1
LF:102
LH:102
FN:20,38,TestUserRegistration.test_register_user_success
FNDA:1,TestUserRegistration.test_register_user_success
FN:40,51,TestUserRegistration.test_register_duplicate_username
FNDA:1,TestUserRegistration.test_register_duplicate_username
FN:53,62,TestUserRegistration.test_register_invalid_email
FNDA:1,TestUserRegistration.test_register_invalid_email
FN:64,73,TestUserRegistration.test_register_short_password
FNDA:1,TestUserRegistration.test_register_short_password
FN:75,89,TestUserRegistration.test_password_hashed
FNDA:1,TestUserRegistration.test_password_hashed
FN:96,119,TestLogin.test_login_success
FNDA:1,TestLogin.test_login_success
FN:121,135,TestLogin.test_login_wrong_password
FNDA:1,TestLogin.test_login_wrong_password
FN:137,147,TestLogin.test_login_nonexistent_user
FNDA:1,TestLogin.test_login_nonexistent_user
FN:149,176,TestLogin.test_login_inactive_user
FNDA:1,TestLogin.test_login_inactive_user
FN:183,193,TestProtectedEndpoints.test_get_current_user_success
FNDA:1,TestProtectedEndpoints.test_get_current_user_success
FN:195,200,TestProtectedEndpoints.test_protected_endpoint_no_token
FNDA:1,TestProtectedEndpoints.test_protected_endpoint_no_token
FN:202,207,TestProtectedEndpoints.test_protected_endpoint_invalid_token
FNDA:1,TestProtectedEndpoints.test_protected_endpoint_invalid_token
FN:209,224,TestProtectedEndpoints.test_protected_endpoint_expired_token
FNDA:1,TestProtectedEndpoints.test_protected_endpoint_expired_token
FNF:13
FNH:13
end_of_record
SF:tests/test_items.py
DA:4,1
DA:5,1
DA:8,1
DA:9,1
DA:12,1
DA:14,1
DA:15,1
DA:17,1
DA:23,1
DA:25,1
DA:26,1
DA:27,1
DA:28,1
DA:29,1
DA:30,1
DA:31,1
DA:32,1
DA:34,1
DA:36,1
DA:42,1
DA:44,1
DA:46,1
DA:48,1
DA:50,1
DA:52,1
DA:54,1
DA:56,1
DA:58,1
DA:60,1
DA:66,1
DA:68,1
DA:69,1
DA:70,1
DA:71,1
DA:74,1
DA:75,1
DA:78,1
DA:80,1
DA:83,1
DA:84,1
DA:89,1
DA:91,1
DA:92,1
DA:93,1
DA:94,1
DA:95,1
DA:96,1
DA:98,1
DA:100,1
DA:102,1
DA:104,1
DA:106,1
DA:109,1
DA:110,1
DA:115,1
DA:116,1
DA:117,1
DA:118,1
DA:121,1
DA:122,1
DA:123,1
DA:126,1
DA:127,1
DA:130,1
DA:131,1
DA:134,1
DA:136,1
DA:139,1
DA:143,1
DA:144,1
DA:147,1
DA:149,1
DA:150,1
DA:151,1
DA:152,1
DA:153,1
DA:155,1
DA:157,1
DA:159,1
DA:161,1
DA:162,1
DA:164,1
DA:166,1
DA:168,1
DA:171,1
DA:172,1
DA:175,1
DA:177,1
DA:180,1
DA:185,1
DA:186,1
DA:188,1
DA:189,1
DA:190,1
DA:192,1
DA:194,1
DA:195,1
DA:198,1
DA:201,1
DA:204,1
DA:205,1
DA:207,1
DA:208,1
DA:211,1
DA:212,1
DA:213,1
LF:106
LH:106
FN:12,32,TestCreateItem.test_create_item_success
FNDA:1,TestCreateItem.test_create_item_success
FN:34,44,TestCreateItem.test_create_item_without_auth
FNDA:1,TestCreateItem.test_create_item_without_auth
FN:46,54,TestCreateItem.test_create_item_missing_fields
FNDA:1,TestCreateItem.test_create_item_missing_fields
FN:56,71,TestCreateItem.test_create_item_null_description
FNDA:1,TestCreateItem.test_create_item_null_description
FN:78,96,TestGetItems.test_get_items_list
FNDA:1,TestGetItems.test_get_items_list
FN:98,102,TestGetItems.test_get_items_without_auth
FNDA:1,TestGetItems.test_get_items_without_auth
FN:104,127,TestGetItems.test_get_items_pagination
FNDA:1,TestGetItems.test_get_items_pagination
FN:134,153,TestGetItemById.test_get_item_by_id_success
FNDA:1,TestGetItemById.test_get_item_by_id_success
FN:155,162,TestGetItemById.test_get_item_nonexistent
FNDA:1,TestGetItemById.test_get_item_nonexistent
FN:164,168,TestGetItemById.test_get_item_without_auth
FNDA:1,TestGetItemById.test_get_item_without_auth
FN:175,190,TestDatabaseConstraints.test_foreign_key_constraint
FNDA:1,TestDatabaseConstraints.test_foreign_key_constraint
FN:192,213,TestDatabaseConstraints.test_cascade_delete
FNDA:1,TestDatabaseConstraints.test_cascade_delete
FNF:12
FNH:12
end_of_record
